[    0.000000] Initializing cgroup subsys cpuset
[    0.000000] Initializing cgroup subsys cpu
[    0.000000] Initializing cgroup subsys cpuacct
[    0.000000] Linux version 4.4.0-201-generic (buildd@lgw01-amd64-044) (gcc version 5.4.0 20160609 (Ubuntu 5.4.0-6ubuntu1~16.04.12) ) #233-Ubuntu SMP Thu Jan 14 06:10:28 UTC 2021 (Ubuntu 4.4.0-201.233-generic 4.4.247)
[    0.000000] Command line: BOOT_IMAGE=/boot/vmlinuz-4.4.0-201-generic root=LABEL=cloudimg-rootfs ro console=tty1 console=ttyS0
[    0.000000] KERNEL supported cpus:
[    0.000000]   Intel GenuineIntel
[    0.000000]   AMD AuthenticAMD
[    0.000000]   Centaur CentaurHauls
[    0.000000] x86/fpu: xstate_offset[2]:  576, xstate_sizes[2]:  256
[    0.000000] x86/fpu: Supporting XSAVE feature 0x01: 'x87 floating point registers'
[    0.000000] x86/fpu: Supporting XSAVE feature 0x02: 'SSE registers'
[    0.000000] x86/fpu: Supporting XSAVE feature 0x04: 'AVX registers'
[    0.000000] x86/fpu: Enabled xstate features 0x7, context size is 832 bytes, using 'standard' format.
[    0.000000] e820: BIOS-provided physical RAM map:
[    0.000000] BIOS-e820: [mem 0x0000000000000000-0x000000000009fbff] usable
[    0.000000] BIOS-e820: [mem 0x000000000009fc00-0x000000000009ffff] reserved
[    0.000000] BIOS-e820: [mem 0x00000000000f0000-0x00000000000fffff] reserved
[    0.000000] BIOS-e820: [mem 0x0000000000100000-0x000000003ffeffff] usable
[    0.000000] BIOS-e820: [mem 0x000000003fff0000-0x000000003fffffff] ACPI data
[    0.000000] BIOS-e820: [mem 0x00000000fec00000-0x00000000fec00fff] reserved
[    0.000000] BIOS-e820: [mem 0x00000000fee00000-0x00000000fee00fff] reserved
[    0.000000] BIOS-e820: [mem 0x00000000fffc0000-0x00000000ffffffff] reserved
[    0.000000] NX (Execute Disable) protection: active
[    0.000000] SMBIOS 2.5 present.
[    0.000000] Hypervisor detected: KVM
[    0.000000] Kernel/User page tables isolation: disabled
[    0.000000] e820: last_pfn = 0x3fff0 max_arch_pfn = 0x400000000
[    0.000000] MTRR: Disabled
[    0.000000] x86/PAT: MTRRs disabled, skipping PAT initialization too.
[    0.000000] CPU MTRRs all blank - virtualized system.
[    0.000000] x86/PAT: Configuration [0-7]: WB  WT  UC- UC  WB  WT  UC- UC  
[    0.000000] found SMP MP-table at [mem 0x0009fff0-0x0009ffff] mapped at [ffff88000009fff0]
[    0.000000] Scanning 1 areas for low memory corruption
[    0.000000] RAMDISK: [mem 0x362e0000-0x37167fff]
[    0.000000] ACPI: Early table checksum verification disabled
[    0.000000] ACPI: RSDP 0x00000000000E0000 000024 (v02 VBOX  )
[    0.000000] ACPI: XSDT 0x000000003FFF0030 00003C (v01 VBOX   VBOXXSDT 00000001 ASL  00000061)
[    0.000000] ACPI: FACP 0x000000003FFF00F0 0000F4 (v04 VBOX   VBOXFACP 00000001 ASL  00000061)
[    0.000000] ACPI: DSDT 0x000000003FFF0470 002325 (v02 VBOX   VBOXBIOS 00000002 INTL 20100528)
[    0.000000] ACPI: FACS 0x000000003FFF0200 000040
[    0.000000] ACPI: FACS 0x000000003FFF0200 000040
[    0.000000] ACPI: APIC 0x000000003FFF0240 00005C (v02 VBOX   VBOXAPIC 00000001 ASL  00000061)
[    0.000000] ACPI: SSDT 0x000000003FFF02A0 0001CC (v01 VBOX   VBOXCPUT 00000002 INTL 20100528)
[    0.000000] No NUMA configuration found
[    0.000000] Faking a node at [mem 0x0000000000000000-0x000000003ffeffff]
[    0.000000] NODE_DATA(0) allocated [mem 0x3ffeb000-0x3ffeffff]
[    0.000000] kvm-clock: Using msrs 4b564d01 and 4b564d00
[    0.000000] kvm-clock: cpu 0, msr 0:3ffe3001, primary cpu clock
[    0.000000] kvm-clock: using sched offset of 4779737533 cycles
[    0.000000] clocksource: kvm-clock: mask: 0xffffffffffffffff max_cycles: 0x1cd42e4dffb, max_idle_ns: 881590591483 ns
[    0.000000] Zone ranges:
[    0.000000]   DMA      [mem 0x0000000000001000-0x0000000000ffffff]
[    0.000000]   DMA32    [mem 0x0000000001000000-0x000000003ffeffff]
[    0.000000]   Normal   empty
[    0.000000]   Device   empty
[    0.000000] Movable zone start for each node
[    0.000000] Early memory node ranges
[    0.000000]   node   0: [mem 0x0000000000001000-0x000000000009efff]
[    0.000000]   node   0: [mem 0x0000000000100000-0x000000003ffeffff]
[    0.000000] Initmem setup node 0 [mem 0x0000000000001000-0x000000003ffeffff]
[    0.000000] ACPI: PM-Timer IO Port: 0x4008
[    0.000000] IOAPIC[0]: apic_id 2, version 32, address 0xfec00000, GSI 0-23
[    0.000000] ACPI: INT_SRC_OVR (bus 0 bus_irq 0 global_irq 2 dfl dfl)
[    0.000000] ACPI: INT_SRC_OVR (bus 0 bus_irq 9 global_irq 9 low level)
[    0.000000] Using ACPI (MADT) for SMP configuration information
[    0.000000] smpboot: Allowing 2 CPUs, 0 hotplug CPUs
[    0.000000] PM: Registered nosave memory: [mem 0x00000000-0x00000fff]
[    0.000000] PM: Registered nosave memory: [mem 0x0009f000-0x0009ffff]
[    0.000000] PM: Registered nosave memory: [mem 0x000a0000-0x000effff]
[    0.000000] PM: Registered nosave memory: [mem 0x000f0000-0x000fffff]
[    0.000000] e820: [mem 0x40000000-0xfebfffff] available for PCI devices
[    0.000000] Booting paravirtualized kernel on KVM
[    0.000000] clocksource: refined-jiffies: mask: 0xffffffff max_cycles: 0xffffffff, max_idle_ns: 7645519600211568 ns
[    0.000000] setup_percpu: NR_CPUS:512 nr_cpumask_bits:512 nr_cpu_ids:2 nr_node_ids:1
[    0.000000] PERCPU: Embedded 33 pages/cpu @ffff88003fc00000 s95640 r8192 d31336 u1048576
[    0.000000] Built 1 zonelists in Node order, mobility grouping on.  Total pages: 257912
[    0.000000] Policy zone: DMA32
[    0.000000] Kernel command line: BOOT_IMAGE=/boot/vmlinuz-4.4.0-201-generic root=LABEL=cloudimg-rootfs ro console=tty1 console=ttyS0
[    0.000000] PID hash table entries: 4096 (order: 3, 32768 bytes)
[    0.000000] Memory: 997664K/1048120K available (8641K kernel code, 1337K rwdata, 4044K rodata, 1492K init, 1296K bss, 50456K reserved, 0K cma-reserved)
[    0.000000] SLUB: HWalign=64, Order=0-3, MinObjects=0, CPUs=2, Nodes=1
[    0.000000] Hierarchical RCU implementation.
[    0.000000] 	Build-time adjustment of leaf fanout to 64.
[    0.000000] 	RCU restricting CPUs from NR_CPUS=512 to nr_cpu_ids=2.
[    0.000000] RCU: Adjusting geometry for rcu_fanout_leaf=64, nr_cpu_ids=2
[    0.000000] NR_IRQS:33024 nr_irqs:440 16
[    0.000000] Console: colour VGA+ 80x25
[    0.000000] console [tty1] enabled
[    0.000000] console [ttyS0] enabled
[    0.000000] tsc: Detected 2111.996 MHz processor
[    0.294237] Calibrating delay loop (skipped) preset value.. 4223.99 BogoMIPS (lpj=8447984)
[    0.297086] pid_max: default: 32768 minimum: 301
[    0.298874] ACPI: Core revision 20150930
[    0.302275] ACPI: 2 ACPI AML tables successfully acquired and loaded
[    0.304629] Security Framework initialized
[    0.306161] Yama: becoming mindful.
[    0.307477] AppArmor: AppArmor initialized
[    0.309059] Dentry cache hash table entries: 131072 (order: 8, 1048576 bytes)
[    0.311932] Inode-cache hash table entries: 65536 (order: 7, 524288 bytes)
[    0.325479] Mount-cache hash table entries: 2048 (order: 2, 16384 bytes)
[    0.327842] Mountpoint-cache hash table entries: 2048 (order: 2, 16384 bytes)
[    0.330440] Initializing cgroup subsys io
[    0.331954] Initializing cgroup subsys memory
[    0.333547] Initializing cgroup subsys devices
[    0.335106] Initializing cgroup subsys freezer
[    0.336668] Initializing cgroup subsys net_cls
[    0.338307] Initializing cgroup subsys perf_event
[    0.340073] Initializing cgroup subsys net_prio
[    0.341637] Initializing cgroup subsys hugetlb
[    0.343142] Initializing cgroup subsys pids
[    0.361972] mce: CPU supports 0 MCE banks
[    0.363555] Last level iTLB entries: 4KB 64, 2MB 8, 4MB 8
[    0.365341] Last level dTLB entries: 4KB 64, 2MB 0, 4MB 0, 1GB 4
[    0.367345] Spectre V1 : Mitigation: usercopy/swapgs barriers and __user pointer sanitization
[    0.370403] Spectre V2 : Mitigation: Full generic retpoline
[    0.372284] Spectre V2 : Spectre v2 / SpectreRSB mitigation: Filling RSB on context switch
[    0.375227] Speculative Store Bypass: Vulnerable
[    0.376954] SRBDS: Mitigation: TSX disabled
[    0.384479] Freeing SMP alternatives memory: 36K
[    0.400085] ftrace: allocating 32361 entries in 127 pages
[    0.562212] smpboot: APIC(0) Converting physical 0 to logical package 0
[    0.566868] smpboot: Max logical packages: 1
[    0.570213] x2apic enabled
[    0.573036] Switched APIC routing to physical x2apic.
[    0.579739] ..TIMER: vector=0x30 apic1=0 pin1=2 apic2=-1 pin2=-1
[    0.693288] smpboot: CPU0: Intel(R) Core(TM) i5-10210U CPU @ 1.60GHz (family: 0x6, model: 0x8e, stepping: 0xc)
[    0.701497] Performance Events: unsupported p6 CPU model 142 no PMU driver, software events only.
[    0.744842] KVM setup paravirtual spinlock
[    0.752606] x86: Booting SMP configuration:
[    0.756096] .... node  #0, CPUs:      #1
[    0.759528] kvm-clock: cpu 1, msr 0:3ffe3041, secondary cpu clock
[    0.799531] mce: CPU supports 0 MCE banks
[    0.802250] x86: Booted up 1 node, 2 CPUs
[    0.803230] smpboot: Total of 2 processors activated (8447.98 BogoMIPS)
[    0.805277] devtmpfs: initialized
[    0.810709] evm: security.selinux
[    0.811633] evm: security.SMACK64
[    0.812549] evm: security.SMACK64EXEC
[    0.813544] evm: security.SMACK64TRANSMUTE
[    0.814758] evm: security.SMACK64MMAP
[    0.815797] evm: security.ima
[    0.816564] evm: security.capability
[    0.817742] clocksource: jiffies: mask: 0xffffffff max_cycles: 0xffffffff, max_idle_ns: 7645041785100000 ns
[    0.819822] futex hash table entries: 512 (order: 3, 32768 bytes)
[    0.821254] pinctrl core: initialized pinctrl subsystem
[    0.822568] RTC time:  4:51:11, date: 02/16/21
[    0.835757] NET: Registered protocol family 16
[    0.850561] cpuidle: using governor ladder
[    0.861417] cpuidle: using governor menu
[    0.862740] PCCT header not found.
[    0.864230] ACPI: bus type PCI registered
[    0.865688] acpiphp: ACPI Hot Plug PCI Controller Driver version: 0.5
[    0.867885] PCI: Using configuration type 1 for base access
[    0.882739] ACPI: Added _OSI(Module Device)
[    0.884384] ACPI: Added _OSI(Processor Device)
[    0.886026] ACPI: Added _OSI(3.0 _SCP Extensions)
[    0.888008] ACPI: Added _OSI(Processor Aggregator Device)
[    0.890998] ACPI: Executed 1 blocks of module-level executable AML code
[    0.897966] ACPI: Interpreter enabled
[    0.899424] ACPI: (supports S0 S5)
[    0.900748] ACPI: Using IOAPIC for interrupt routing
[    0.902704] PCI: Using host bridge windows from ACPI; if necessary, use "pci=nocrs" and report a bug
[    0.912324] ACPI: PCI Root Bridge [PCI0] (domain 0000 [bus 00-ff])
[    0.914300] acpi PNP0A03:00: _OSC: OS supports [ASPM ClockPM Segments MSI]
[    0.917136] acpi PNP0A03:00: _OSC: not requesting OS control; OS requires [ExtendedConfig ASPM ClockPM MSI]
[    0.920490] acpi PNP0A03:00: fail to add MMCONFIG information, can't access extended PCI configuration space under this bridge.
[    0.924893] PCI host bridge to bus 0000:00
[    0.926337] pci_bus 0000:00: root bus resource [io  0x0000-0x0cf7 window]
[    0.928140] pci_bus 0000:00: root bus resource [io  0x0d00-0xffff window]
[    0.929823] pci_bus 0000:00: root bus resource [mem 0x000a0000-0x000bffff window]
[    0.932383] pci_bus 0000:00: root bus resource [mem 0x40000000-0xfdffffff window]
[    0.935057] pci_bus 0000:00: root bus resource [bus 00-ff]
[    0.939800] pci 0000:00:01.1: legacy IDE quirk: reg 0x10: [io  0x01f0-0x01f7]
[    0.942056] pci 0000:00:01.1: legacy IDE quirk: reg 0x14: [io  0x03f6]
[    0.944114] pci 0000:00:01.1: legacy IDE quirk: reg 0x18: [io  0x0170-0x0177]
[    0.946295] pci 0000:00:01.1: legacy IDE quirk: reg 0x1c: [io  0x0376]
[    0.994573] pci 0000:00:07.0: quirk: [io  0x4000-0x403f] claimed by PIIX4 ACPI
[    0.998785] pci 0000:00:07.0: quirk: [io  0x4100-0x410f] claimed by PIIX4 SMB
[    1.010718] ACPI: PCI Interrupt Link [LNKA] (IRQs 5 9 10 *11)
[    1.014173] ACPI: PCI Interrupt Link [LNKB] (IRQs 5 9 *10 11)
[    1.017291] ACPI: PCI Interrupt Link [LNKC] (IRQs 5 *9 10 11)
[    1.020412] ACPI: PCI Interrupt Link [LNKD] (IRQs 5 9 10 *11)
[    1.023511] ACPI: Enabled 2 GPEs in block 00 to 07
[    1.025364] vgaarb: setting as boot device: PCI:0000:00:02.0
[    1.026881] vgaarb: device added: PCI:0000:00:02.0,decodes=io+mem,owns=io+mem,locks=none
[    1.029023] vgaarb: loaded
[    1.029965] vgaarb: bridge control possible 0000:00:02.0
[    1.032128] SCSI subsystem initialized
[    1.033746] ACPI: bus type USB registered
[    1.035222] usbcore: registered new interface driver usbfs
[    1.037171] usbcore: registered new interface driver hub
[    1.039068] usbcore: registered new device driver usb
[    1.041219] PCI: Using ACPI for IRQ routing
[    1.042820] NetLabel: Initializing
[    1.043922] NetLabel:  domain hash size = 128
[    1.045350] NetLabel:  protocols = UNLABELED CIPSOv4
[    1.047100] NetLabel:  unlabeled traffic allowed by default
[    1.049590] amd_nb: Cannot enumerate AMD northbridges
[    1.051409] clocksource: Switched to clocksource kvm-clock
[    1.087651] AppArmor: AppArmor Filesystem Enabled
[    1.089390] pnp: PnP ACPI init
[    1.091983] pnp: PnP ACPI: found 3 devices
[    1.105024] clocksource: acpi_pm: mask: 0xffffff max_cycles: 0xffffff, max_idle_ns: 2085701024 ns
[    1.107373] NET: Registered protocol family 2
[    1.108781] TCP established hash table entries: 8192 (order: 4, 65536 bytes)
[    1.110534] TCP bind hash table entries: 8192 (order: 5, 131072 bytes)
[    1.112135] TCP: Hash tables configured (established 8192 bind 8192)
[    1.113839] UDP hash table entries: 512 (order: 2, 16384 bytes)
[    1.115268] UDP-Lite hash table entries: 512 (order: 2, 16384 bytes)
[    1.130403] NET: Registered protocol family 1
[    1.131772] pci 0000:00:00.0: Limiting direct PCI/PCI transfers
[    1.133218] pci 0000:00:01.0: Activating ISA DMA hang workarounds
[    1.135609] Unpacking initramfs...
[    2.112987] Freeing initrd memory: 14880K
[    2.115717] clocksource: tsc: mask: 0xffffffffffffffff max_cycles: 0x1e717485a72, max_idle_ns: 440795205496 ns
[    2.121138] platform rtc_cmos: registered platform RTC device (no PNP device found)
[    2.124106] Scanning for low memory corruption every 60 seconds
[    2.126613] audit: initializing netlink subsys (disabled)
[    2.128587] audit: type=2000 audit(1613451078.757:1): initialized
[    2.131043] Initialise system trusted keyring
[    2.132966] HugeTLB registered 2 MB page size, pre-allocated 0 pages
[    2.137413] zbud: loaded
[    2.139072] VFS: Disk quotas dquot_6.6.0
[    2.140607] VFS: Dquot-cache hash table entries: 512 (order 0, 4096 bytes)
[    2.143174] squashfs: version 4.0 (2009/01/31) Phillip Lougher
[    2.159547] fuse init (API version 7.23)
[    2.160814] Key type big_key registered
[    2.161923] Allocating IMA MOK and blacklist keyrings.
[    2.168450] Key type asymmetric registered
[    2.169709] Asymmetric key parser 'x509' registered
[    2.171012] Block layer SCSI generic (bsg) driver version 0.4 loaded (major 249)
[    2.173124] io scheduler noop registered
[    2.174182] io scheduler deadline registered (default)
[    2.175588] io scheduler cfq registered
[    2.176813] pci_hotplug: PCI Hot Plug PCI Core version: 0.5
[    2.178214] pciehp: PCI Express Hot Plug Controller Driver version: 0.4
[    2.180050] ACPI: AC Adapter [AC] (off-line)
[    2.181288] input: Power Button as /devices/LNXSYSTM:00/LNXPWRBN:00/input/input0
[    2.183282] ACPI: Power Button [PWRF]
[    2.184431] input: Sleep Button as /devices/LNXSYSTM:00/LNXSLPBN:00/input/input1
[    2.186693] ACPI: Sleep Button [SLPF]
[    2.187954] GHES: HEST is not enabled!
[    2.190041] ACPI: Battery Slot [BAT0] (battery present)
[    2.191360] Serial: 8250/16550 driver, 32 ports, IRQ sharing enabled
[    2.214256] 00:02: ttyS0 at I/O 0x3f8 (irq = 4, base_baud = 115200) is a 16550A
[    2.219192] Linux agpgart interface v0.103
[    2.223161] loop: module loaded
[    2.225111] scsi host0: ata_piix
[    2.226786] scsi host1: ata_piix
[    2.228357] ata1: PATA max UDMA/33 cmd 0x1f0 ctl 0x3f6 bmdma 0xd000 irq 14
[    2.230507] ata2: PATA max UDMA/33 cmd 0x170 ctl 0x376 bmdma 0xd008 irq 15
[    2.232854] libphy: Fixed MDIO Bus: probed
[    2.234399] tun: Universal TUN/TAP device driver, 1.6
[    2.236245] tun: (C) 1999-2004 Max Krasnyansky <maxk@qualcomm.com>
[    2.238852] PPP generic driver version 2.4.2
[    2.240597] ehci_hcd: USB 2.0 'Enhanced' Host Controller (EHCI) Driver
[    2.242617] ehci-pci: EHCI PCI platform driver
[    2.244338] ehci-platform: EHCI generic platform driver
[    2.245688] ohci_hcd: USB 1.1 'Open' Host Controller (OHCI) Driver
[    2.247263] ohci-pci: OHCI PCI platform driver
[    2.248452] ohci-platform: OHCI generic platform driver
[    2.249739] uhci_hcd: USB Universal Host Controller Interface driver
[    2.251323] i8042: PNP: PS/2 Controller [PNP0303:PS2K,PNP0f03:PS2M] at 0x60,0x64 irq 1,12
[    2.255021] serio: i8042 KBD port at 0x60,0x64 irq 1
[    2.256840] serio: i8042 AUX port at 0x60,0x64 irq 12
[    2.258685] mousedev: PS/2 mouse device common for all mice
[    2.261653] input: AT Translated Set 2 keyboard as /devices/platform/i8042/serio0/input/input2
[    2.264505] rtc_cmos rtc_cmos: rtc core: registered rtc_cmos as rtc0
[    2.266187] rtc_cmos rtc_cmos: alarms up to one day, 114 bytes nvram
[    2.267660] i2c /dev entries driver
[    2.268707] device-mapper: uevent: version 1.0.3
[    2.269937] device-mapper: ioctl: 4.34.0-ioctl (2015-10-28) initialised: dm-devel@redhat.com
[    2.272163] ledtrig-cpu: registered to indicate activity on CPUs
[    2.274536] NET: Registered protocol family 10
[    2.276272] NET: Registered protocol family 17
[    2.277439] Key type dns_resolver registered
[    2.278820] registered taskstats version 1
[    2.279893] Loading compiled-in X.509 certificates
[    2.281941] Loaded X.509 cert 'Build time autogenerated kernel key: 9e5e2330314f2a00b0409bdb338e201244d5149f'
[    2.284754] zswap: loaded using pool lzo/zbud
[    2.288720] Key type trusted registered
[    2.296055] Key type encrypted registered
[    2.297303] AppArmor: AppArmor sha1 policy hashing enabled
[    2.298886] ima: No TPM chip found, activating TPM-bypass!
[    2.300593] ima: Allocated hash algorithm: sha1
[    2.302079] evm: HMAC attrs: 0x1
[    2.305287]   Magic number: 9:936:868
[    2.306723] rtc_cmos rtc_cmos: setting system clock to 2021-02-16 04:51:13 UTC (1613451073)
[    2.310135] BIOS EDD facility v0.16 2004-Jun-25, 0 devices found
[    2.312533] EDD information not available.
[    3.250892] Freeing unused kernel memory: 1492K
[    3.264091] Write protecting the kernel read-only data: 14336k
[    3.270848] Freeing unused kernel memory: 1588K
[    3.275926] Freeing unused kernel memory: 52K
Loading, please wait...
starting version 229
[    3.320079] random: systemd-udevd: uninitialized urandom read (16 bytes read, 7 bits of entropy available)
[    3.322188] random: udevadm: uninitialized urandom read (16 bytes read, 7 bits of entropy available)
[    3.322279] random: udevadm: uninitialized urandom read (16 bytes read, 7 bits of entropy available)
[    3.345432] random: systemd-udevd: uninitialized urandom read (16 bytes read, 7 bits of entropy available)
[    3.350723] random: udevadm: uninitialized urandom read (16 bytes read, 7 bits of entropy available)
[    3.350924] random: udevadm: uninitialized urandom read (16 bytes read, 7 bits of entropy available)
[    3.351587] random: udevadm: uninitialized urandom read (16 bytes read, 7 bits of entropy available)
[    3.351808] random: udevadm: uninitialized urandom read (16 bytes read, 7 bits of entropy available)
[    3.352207] random: udevadm: uninitialized urandom read (16 bytes read, 7 bits of entropy available)
[    3.352551] random: udevadm: uninitialized urandom read (16 bytes read, 7 bits of entropy available)
[    3.607130] e1000: Intel(R) PRO/1000 Network Driver - version 7.3.21-k8-NAPI
[    3.613074] e1000: Copyright (c) 1999-2006 Intel Corporation.
[    3.625127] Fusion MPT base driver 3.04.20
[    3.629637] Copyright (c) 1999-2008 LSI Corporation
[    3.666598] Fusion MPT SPI Host driver 3.04.20
[    3.767423] AVX2 version of gcm_enc/dec engaged.
[    3.772236] AES CTR mode by8 optimization enabled
[    3.870724] input: ImExPS/2 Generic Explorer Mouse as /devices/platform/i8042/serio1/input/input4
[    4.297039] e1000 0000:00:03.0 eth0: (PCI:33MHz:32-bit) 02:0d:1b:31:1c:74
[    4.301280] e1000 0000:00:03.0 eth0: Intel(R) PRO/1000 Network Connection
[    4.310770] e1000 0000:00:03.0 enp0s3: renamed from eth0
[    4.315279] mptbase: ioc0: Initiating bringup
[    4.388416] ioc0: LSI53C1030 A0: Capabilities={Initiator}
[    4.563116] scsi host2: ioc0: LSI53C1030 A0, FwRev=00000000h, Ports=1, MaxQ=256, IRQ=20
[    4.685559] scsi 2:0:0:0: Direct-Access     VBOX     HARDDISK         1.0  PQ: 0 ANSI: 5
[    4.693824] scsi target2:0:0: Beginning Domain Validation
[    4.703504] scsi target2:0:0: Domain Validation skipping write tests
[    4.709255] scsi target2:0:0: Ending Domain Validation
[    4.714489] scsi target2:0:0: asynchronous
[    4.720633] scsi 2:0:1:0: Direct-Access     VBOX     HARDDISK         1.0  PQ: 0 ANSI: 5
[    4.728489] scsi target2:0:1: Beginning Domain Validation
[    4.737145] scsi target2:0:1: Domain Validation skipping write tests
[    4.742165] scsi target2:0:1: Ending Domain Validation
[    4.744136] scsi target2:0:1: asynchronous
[    4.778948] sd 2:0:0:0: [sda] 83886080 512-byte logical blocks: (42.9 GB/40.0 GiB)
[    4.782222] sd 2:0:0:0: Attached scsi generic sg0 type 0
[    4.784628] sd 2:0:0:0: [sda] Write Protect is off
[    4.785021] sd 2:0:1:0: [sdb] 20480 512-byte logical blocks: (10.5 MB/10.0 MiB)
[    4.785249] sd 2:0:1:0: [sdb] Write Protect is off
[    4.785368] sd 2:0:1:0: [sdb] Incomplete mode parameter data
[    4.785370] sd 2:0:1:0: [sdb] Assuming drive cache: write through
[    4.788372] sd 2:0:1:0: [sdb] Attached SCSI disk
[    4.795513] sd 2:0:1:0: Attached scsi generic sg1 type 0
[    4.798938] sd 2:0:0:0: [sda] Incomplete mode parameter data
[    4.800631] sd 2:0:0:0: [sda] Assuming drive cache: write through
[    4.804646]  sda: sda1
[    4.806500] sd 2:0:0:0: [sda] Attached SCSI disk
Begin: Loading essential drivers ... [    7.052589] md: linear personality registered for level -1
[    7.065808] md: multipath personality registered for level -4
[    7.082482] md: raid0 personality registered for level 0
[    7.106010] md: raid1 personality registered for level 1
[    7.195678] raid6: sse2x1   gen()  1805 MB/s
[    7.264108] raid6: sse2x1   xor()  3427 MB/s
[    7.331941] raid6: sse2x2   gen()  3747 MB/s
[    7.400000] raid6: sse2x2   xor()  1624 MB/s
[    7.468042] raid6: sse2x4   gen()  2671 MB/s
[    7.535536] raid6: sse2x4   xor()  1646 MB/s
[    7.603812] raid6: avx2x1   gen()  3568 MB/s
[    7.671942] raid6: avx2x2   gen()  4730 MB/s
[    7.739503] raid6: avx2x4   gen()  4375 MB/s
[    7.744398] raid6: using algorithm avx2x2 gen() 4730 MB/s
[    7.749334] raid6: using avx2x2 recovery algorithm
[    7.759498] xor: automatically using best checksumming function:
[    7.804001]    avx       :  5565.000 MB/sec
[    7.812764] async_tx: api initialized (async)
[    7.860663] md: raid6 personality registered for level 6
[    7.865386] md: raid5 personality registered for level 5
[    7.869273] md: raid4 personality registered for level 4
[    7.902449] md: raid10 personality registered for level 10
done.
Begin: Running /scripts/init-premount ... done.
Begin: Mounting root file system ... Begin: Running /scripts/local-top ... done.
Begin: Running /scripts/local-premount ... [    8.030870] Btrfs loaded
Scanning for Btrfs filesystems
done.
Warning: fsck not present, so skipping root file system
[    8.136549] EXT4-fs (sda1): mounted filesystem with ordered data mode. Opts: (null)
done.
Begin: Running /scripts/local-bottom ... done.
Begin: Running /scripts/init-bottom ... done.
[    8.436952] systemd[1]: systemd 229 running in system mode. (+PAM +AUDIT +SELINUX +IMA +APPARMOR +SMACK +SYSVINIT +UTMP +LIBCRYPTSETUP +GCRYPT +GNUTLS +ACL +XZ -LZ4 +SECCOMP +BLKID +ELFUTILS +KMOD -IDN)
[    8.453690] systemd[1]: Detected virtualization oracle.
[    8.455874] systemd[1]: Detected architecture x86-64.

Welcome to [1mUbuntu 16.04.7 LTS[0m!

[    8.468038] systemd[1]: Set hostname to <ubuntu>.
[    8.472399] systemd[1]: Initializing machine ID from random generator.
[    8.474465] systemd[1]: Installed transient /etc/machine-id file.
[    8.638546] systemd[1]: Reached target Encrypted Volumes.
[[0;32m  OK  [0m] Reached target Encrypted Volumes.
[    8.648686] systemd[1]: Created slice System Slice.
[[0;32m  OK  [0m] Created slice System Slice.
[    8.651367] systemd[1]: Listening on Device-mapper event daemon FIFOs.
[[0;32m  OK  [0m] Listening on Device-mapper event daemon FIFOs.
[    8.655627] systemd[1]: Reached target System Time Synchronized.
[[0;32m  OK  [0m] Reached target System Time Synchronized.
[    8.664044] systemd[1]: Reached target Swap.
[[0;32m  OK  [0m] Reached target Swap.
[    8.674950] systemd[1]: Set up automount Arbitrary Executable File Formats File System Automount Point.
[[0;32m  OK  [0m] Set up automount Arbitrary Executab...ats File System Automount Point.
[    8.681276] systemd[1]: Reached target User and Group Name Lookups.
[[0;32m  OK  [0m] Reached target User and Group Name Lookups.
[    8.684190] systemd[1]: Listening on /dev/initctl Compatibility Named Pipe.
[[0;32m  OK  [0m] Listening on /dev/initctl Compatibility Named Pipe.
[    8.688381] systemd[1]: Listening on LVM2 poll daemon socket.
[[0;32m  OK  [0m] Listening on LVM2 poll daemon socket.
[    8.691906] systemd[1]: Started Forward Password Requests to Wall Directory Watch.
[[0;32m  OK  [0m] Started Forward Password Requests to Wall Directory Watch.
[    8.696175] systemd[1]: Listening on udev Control Socket.
[[0;32m  OK  [0m] Listening on udev Control Socket.
[    8.699463] systemd[1]: Listening on Syslog Socket.
[[0;32m  OK  [0m] Listening on Syslog Socket.
[    8.702377] systemd[1]: Started Trigger resolvconf update for networkd DNS.
[[0;32m  OK  [0m] Started Trigger resolvconf update for networkd DNS.
[    8.706380] systemd[1]: Listening on udev Kernel Socket.
[[0;32m  OK  [0m] Listening on udev Kernel Socket.
[    8.709512] systemd[1]: Listening on Journal Socket (/dev/log).
[[0;32m  OK  [0m] Listening on Journal Socket (/dev/log).
[    8.713090] systemd[1]: Listening on LVM2 metadata daemon socket.
[[0;32m  OK  [0m] Listening on LVM2 metadata daemon socket.
[    8.717104] systemd[1]: Created slice User and Session Slice.
[[0;32m  OK  [0m] Created slice User and Session Slice.
[    8.720616] systemd[1]: Reached target Slices.
[[0;32m  OK  [0m] Reached target Slices.
[    8.724120] systemd[1]: Created slice system-serial\x2dgetty.slice.
[[0;32m  OK  [0m] Created slice system-serial\x2dgetty.slice.
[    8.728089] systemd[1]: Listening on Journal Audit Socket.
[[0;32m  OK  [0m] Listening on Journal Audit Socket.
[    8.731116] systemd[1]: Listening on Journal Socket.
[[0;32m  OK  [0m] Listening on Journal Socket.
[    8.755807] systemd[1]: Starting Load Kernel Modules...
         Starting Load Kernel Modules...
[    8.760491] systemd[1]: Starting Nameserver information manager...
         Starting Nameserver information manager...
[    8.765390] systemd[1]: Starting Set console keymap...
         Starting Set console keymap...
[    8.775376] Loading iSCSI transport class v2.0-870.
[    8.778405] systemd[1]: Mounting POSIX Message Queue File System...
         Mounting POSIX Message Queue File System...
[    8.789039] systemd[1]: Starting Monitoring of LVM2 mirrors, snapshots etc. using dmeventd or progress polling...
         Starting Monitoring of LVM2 mirrors... dmeventd or progress polling...
[    8.796255] systemd[1]: Starting Uncomplicated firewall...
[    8.818080] random: nonblocking pool is initialized
[    8.819923] iscsi: registered transport (tcp)
         Starting Uncomplicated firewall...
[    8.827333] systemd[1]: Mounting Huge Pages File System...
         Mounting Huge Pages File System...
[    8.833375] systemd[1]: Starting Create list of required static device nodes for the current kernel...
         Starting Create list of required st... nodes for the current kernel...
[    8.844644] systemd[1]: Mounting Debug File System...
         Mounting Debug File System...
[    8.849044] systemd[1]: Starting Remount Root and Kernel File Systems...
         Starting Remount Root and Kernel File Systems...
[    8.854545] systemd[1]: Starting Journal Service...
[    8.855944] EXT4-fs (sda1): re-mounted. Opts: (null)
         Starting Journal Service...
[    8.859554] systemd[1]: Mounted POSIX Message Queue File System.
[[0;32m  OK  [0m] Mounted POSIX Message Queue File System.
[    8.863064] systemd[1]: Mounted Huge Pages File System.
[[0;32m  OK  [0m] Mounted Huge Pages File System.
[    8.865402] systemd[1]: Mounted Debug File System.
[[0;32m  OK  [0m] Mounted Debug File System.
[    8.869581] systemd[1]: Started Set console keymap.
[[0;32m  OK  [0m] Started Set console keymap.
[    8.875224] systemd[1]: Started Uncomplicated firewall.
[[0;32m  OK  [0m] Started Uncomplicated firewall.
[    8.879470] systemd[1]: Started Create list of required static device nodes for the current kernel.
[[0;32m  OK  [0m] Started Create list of required sta...ce nodes for the current kernel.
[    8.884862] systemd[1]: Started Remount Root and Kernel File Systems.
[[0;32m  OK  [0m] Started Remount Root and Kernel File Systems.
[    8.906033] iscsi: registered transport (iser)
[    8.912060] systemd[1]: Started Nameserver information manager.
[[0;32m  OK  [0m] Started Nameserver information manager.
[    8.916985] systemd[1]: Started Load Kernel Modules.
[[0;32m  OK  [0m] Started Load Kernel Modules.
[    8.939729] systemd[1]: Started LVM2 metadata daemon.
[[0;32m  OK  [0m] Started LVM2 metadata daemon.
[    8.943767] systemd[1]: Mounting FUSE Control File System...
         Mounting FUSE Control File System...
[    8.950122] systemd[1]: Starting Apply Kernel Variables...
         Starting Apply Kernel Variables...
[    8.956912] systemd[1]: Starting Load/Save Random Seed...
         Starting Load/Save Random Seed...
[    8.966373] systemd[1]: Starting udev Coldplug all Devices...
         Starting udev Coldplug all Devices...
         Starting Create Static Device Nodes in /dev...
[[0;32m  OK  [0m] Mounted FUSE Control File System.
[[0;32m  OK  [0m] Started Journal Service.
[[0;32m  OK  [0m] Started Apply Kernel Variables.
[[0;32m  OK  [0m] Started Load/Save Random Seed.
         Starting Flush Journal to Persistent Storage...
[[0;32m  OK  [0m] Started Flush Journal to Persistent Storage.
[[0;32m  OK  [0m] Started Create Static Device Nodes in /dev.
         Starting udev Kernel Device Manager...
[[0;32m  OK  [0m] Started udev Coldplug all Devices.
[[0;32m  OK  [0m] Started udev Kernel Device Manager.
[[0;32m  OK  [0m] Started Dispatch Password Requests to Console Directory Watch.
[[0;32m  OK  [0m] Started Monitoring of LVM2 mirrors,...ng dmeventd or progress polling.
[[0;32m  OK  [0m] Reached target Local File Systems (Pre).
[[0;32m  OK  [0m] Reached target Local File Systems.
         Starting Create Volatile Files and Directories...
         Starting Commit a transient machine-id on disk...
         Starting Set console font and keymap...
         Starting Initial cloud-init job (pre-networking)...
         Starting LSB: AppArmor initialization...
         Starting Tell Plymouth To Write Out Runtime Data...
[[0;32m  OK  [0m] Started Create Volatile Files and Directories.
[[0;32m  OK  [0m] Started Commit a transient machine-id on disk.
[[0;32m  OK  [0m] Started Tell Plymouth To Write Out Runtime Data.
         Starting Update UTMP about System Boot/Shutdown...
[[0;32m  OK  [0m] Started Update UTMP about System Boot/Shutdown.
[[0;32m  OK  [0m] Found device /dev/ttyS0.
[[0;32m  OK  [0m] Listening on Load/Save RF Kill Switch Status /dev/rfkill Watch.
[   13.508668] cloud-init[489]: Cloud-init v. 20.4.1-0ubuntu1~16.04.1 running 'init-local' at Tue, 16 Feb 2021 04:51:24 +0000. Up 12.61 seconds.
[[0;32m  OK  [0m] Started Initial cloud-init job (pre-networking).
[[0;32m  OK  [0m] Reached target Network (Pre).
[[0;32m  OK  [0m] Started LSB: AppArmor initialization.
         Starting Raise network interfaces...
         Starting Load AppArmor profiles managed internally by snapd...
[[0;32m  OK  [0m] Started Load AppArmor profiles managed internally by snapd.
[[0;32m  OK  [0m] Started Set console font and keymap.
[[0;32m  OK  [0m] Created slice system-getty.slice.
[[0;32m  OK  [0m] Started Raise network interfaces.
[[0;32m  OK  [0m] Reached target Network.
         Starting Initial cloud-init job (metadata service crawler)...
[   18.087301] cloud-init[945]: Cloud-init v. 20.4.1-0ubuntu1~16.04.1 running 'init' at Tue, 16 Feb 2021 04:51:28 +0000. Up 16.42 seconds.
[   18.097231] cloud-init[945]: ci-info: +++++++++++++++++++++++++++++++++++++Net device info++++++++++++++++++++++++++++++++++++++
[   18.102929] cloud-init[945]: ci-info: +--------+------+---------------------------+---------------+--------+-------------------+
[   18.107874] cloud-init[945]: ci-info: | Device |  Up  |          Address          |      Mask     | Scope  |     Hw-Address    |
[   18.114446] cloud-init[945]: ci-info: +--------+------+---------------------------+---------------+--------+-------------------+
[   18.125581] cloud-init[945]: ci-info: | enp0s3 | True |         10.0.2.15         | 255.255.255.0 | global | 02:0d:1b:31:1c:74 |
[   18.131434] cloud-init[945]: ci-info: | enp0s3 | True | fe80::d:1bff:fe31:1c74/64 |       .       |  link  | 02:0d:1b:31:1c:74 |
[   18.137199] cloud-init[945]: ci-info: |   lo   | True |         127.0.0.1         |   255.0.0.0   |  host  |         .         |
[   18.149987] cloud-init[945]: ci-info: |   lo   | True |          ::1/128          |       .       |  host  |         .         |
[   18.161239] cloud-init[945]: ci-info: +--------+------+---------------------------+---------------+--------+-------------------+
[   18.166294] cloud-init[945]: ci-info: +++++++++++++++++++++++++++Route IPv4 info++++++++++++++++++++++++++++
[   18.177542] cloud-init[945]: ci-info: +-------+-------------+----------+---------------+-----------+-------+
[   18.183622] cloud-init[945]: ci-info: | Route | Destination | Gateway  |    Genmask    | Interface | Flags |
[   18.188612] cloud-init[945]: ci-info: +-------+-------------+----------+---------------+-----------+-------+
[   18.201887] cloud-init[945]: ci-info: |   0   |   0.0.0.0   | 10.0.2.2 |    0.0.0.0    |   enp0s3  |   UG  |
[   18.213506] cloud-init[945]: ci-info: |   1   |   10.0.2.0  | 0.0.0.0  | 255.255.255.0 |   enp0s3  |   U   |
[   18.218147] cloud-init[945]: ci-info: +-------+-------------+----------+---------------+-----------+-------+
[   18.230061] cloud-init[945]: ci-info: +++++++++++++++++++Route IPv6 info+++++++++++++++++++
[   18.234642] cloud-init[945]: ci-info: +-------+-------------+---------+-----------+-------+
[   18.238722] cloud-init[945]: ci-info: | Route | Destination | Gateway | Interface | Flags |
[   18.243210] cloud-init[945]: ci-info: +-------+-------------+---------+-----------+-------+
[   18.247572] cloud-init[945]: ci-info: |   0   |  fe80::/64  |    ::   |   enp0s3  |   U   |
[   18.253411] cloud-init[945]: ci-info: |   4   |   ff00::/8  |    ::   |   enp0s3  |   U   |
[   18.265434] cloud-init[945]: ci-info: +-------+-------------+---------+-----------+-------+
[   18.271914] cloud-init[945]: Generating public/private rsa key pair.
[   18.281880] cloud-init[945]: Your identification has been saved in /etc/ssh/ssh_host_rsa_key.
[   18.293442] cloud-init[945]: Your public key has been saved in /etc/ssh/ssh_host_rsa_key.pub.
[   18.301946] cloud-init[945]: The key fingerprint is:
[   18.305140] cloud-init[945]: SHA256:UnrbDlQBG90/hqVwGiGN6nVigfsJYSdH3Nwxf3yJaRY root@ubuntu-xenial
[   18.309805] cloud-init[945]: The key's randomart image is:
[   18.313245] cloud-init[945]: +---[RSA 2048]----+
[   18.316598] cloud-init[945]: |       +=Bo+oE   |
[   18.321099] cloud-init[945]: |      = *+B.+o=..|
[   18.329334] cloud-init[945]: |     . Bo..= X..+|
[   18.333722] cloud-init[945]: |      +o+.o = +..|
[   18.341173] cloud-init[945]: |     .o=S+   . . |
[   18.349354] cloud-init[945]: |      .+oo       |
[   18.351146] cloud-init[945]: |        o .      |
[   18.352877] cloud-init[945]: |         o       |
[[0;32m  OK  [0m] Started Initial cloud-init job (metadata service crawler).
[   18.353569] cloud-init[945]: |          .      |
[[0;32m  OK  [0m] Reached target Cloud-config availability.
[[0;32m  OK  [0m] Reached target System Initialization.
[[0;32m  OK  [0m] Started Message of the Day.
[[0;32m  OK  [0m] Started Daily Cleanup of Temporary Directories.
[[0;32m  OK  [0m] Listening on D-Bus System Message Bus Socket.
[   18.358466] cloud-init[945]: +----[SHA256]-----+
[   18.392995] cloud-init[945]: Generating public/private dsa key pair.
[[0;32m  OK  [0m] Started ACPI Events Check.
[   18.405501] cloud-init[[0;32m  OK  [0m] Reached target Paths.
         Starting Socket activation for snappy daemon.
[945]: Your identification has been saved in /etc/ssh/ssh_host_dsa_key.         Starting LXD - unix socket.
[[0;32m  OK  [0m] Listening on ACPID Listen Socket.
[[0;32m  OK  [0m] Listening on UUID daemon activation socket.
[[0;32m  OK  [0m] Started Daily apt download activities.
[[0;32m  OK  [0m] Started Daily apt upgrade and clean activities.
[[0;32m  OK  [0m] Reached target Timers.
[[0;32m  OK  [0m] Reached target Network is Online.

[   18.426043] cloud-init[945]: Your public key has been saved in /etc/ssh/ssh_host_dsa_key.pub.
[   18.432048] cloud-init[945]: The key fingerprint is:
[   18.434612] cloud-init[945]: SHA256:6ODpYM4tcoknMkXq7md6nRhtDBtVn1HzfGL/AOzoNjc root@ubuntu-xenial
[   18.449109]          Starting iSCSI initiator daemon (iscsid)...
[[0;32m  OK  [0m] Listening on Socket activation for snappy daemon.
[[0;32m  OK  [0m] Listening on LXD - unix socket.
[[0;32m  OK  [0m] Reached target Sockets.
[[0;32m  OK  [0m] Reached target Basic System.
cloud-init[945]: The key's randomart image is:
[   18.461935] cloud-init[945]: +---[DSA 1024]----+         Starting /etc/rc.local Compatibility...

[   18.466331] [[0;32m  OK  [0m] Started ACPI event daemon.
cloud-init[945]: |      .. ..o     |
         Starting LSB: Record successful boot for GRUB...
[   18.482188] cloud-init[945]: |     .  . o.+    |
         Starting Snap Daemon...
         Starting Login Service...
[   18.487344] [[0;32m  OK  [0m] Started Deferred execution scheduler.
cloud-init[945]: |    .    o  o= . |
         Starting Virtualbox guest utils...
[   18.503378] [[0;32m  OK  [0m] Started Regular background program processing daemon.
[[0;32m  OK  [0m] Started D-Bus System Message Bus.
cloud-init[945]: |  .o   .   o..+  |
[   18.535249] cloud-init[945]: | o  B . S . . .. |
[   18.545950] cloud-init[945]: |. .+ B   .     ..|
[   18.556690] cloud-init[945]: |.oo.B o   + E   .|
[   18.566580] cloud-init[945]: |*==O o   . o .   |
[   18.583874] cloud-init[945]: |+XB.o            |
[   18.588116] cloud-init[945]: +----[SHA256]-----+
[   18.592733] cloud-init[945]: Generating public/private ecdsa key pair.
[   18.598587] cloud-init[945]: Your identification has been saved in /etc/ssh/ssh_host_ecdsa_key.
[   18.612972] cloud-init[945]: Your public key has been saved in /etc/ssh/ssh_host_ecdsa_key.pub.
[   18.622863] cloud-init[945]: The key fingerprint is:
[   18.626697] cloud-init[945]: SHA256:M2+5s2K/2HChGM37WeidtrGL0lZiMqJiH6UvChxfheo root@ubuntu-xenial
[   18.632749] cloud-init[945]: The key's randomart image is:
[   18.636883] cloud-init[945]: +---[ECDSA 256]---+
[   18.645172] cloud-init[945]: |                 |
[   18.650918] cloud-init[945]: |      .          |
[   18.654791] cloud-init[945]: |     . .         |
[   18.664790] cloud-init[945]: |    . .o         |
         Starting Accounts Service...
[   18.671357] cloud-init[945]: | . . .o S .      |
[   18.676055] cloud-init[945]: |. + .o.oo*o+.    |
         Starting Pollinate to seed the pseudo random number generator...
         Starting LSB: MD monitoring daemon...[   18.685003] cloud-init[945]: |.. Eo...+=*oo    |
[   18.700276] cloud-init[945]: | .o oo  +O+*.+   |
[   18.702562] cloud-init[945]: | ..+.....=@=*o   |

         Starting LXD - container startup/shutdown...[   18.715863] cloud-init[945]: +----[SHA256]-----+
[   18.722109] cloud-init[945]: Generating public/private ed25519 key pair.
[   18.723257] cloud-init[945]: Your identification has been saved in /etc/ssh/ssh_host_ed25519_key.

         Starting System Logging Service...
[[0;32m  OK  [0m] Started FUSE filesystem for LXC.
[   18.723754] cloud-init[945]: Your public key has been saved in /etc/ssh/ssh_host_ed25519_key.pub.
[[0;32m  OK  [0m] Started /etc/rc.local Compatibility.
[   18.810776] cloud-init[945]: The key fingerprint is:
[[0;32m  OK  [0m] Started Login Service.
[   18.977990] cloud-init[945]: SHA256:lBmgrsHX6p6Ro6Dff98Ii7AGgC0xZGfoT5j71PVgg6M root@ubuntu-xenial
[   19.026310] cloud-init[945]: The key's randomart image is:
[   19.028061] cloud-init[945]: +--[ED25519 256]--+
[[0;32m  OK  [0m] Started Unattended Upgrades Shutdown.
[[0;32m  OK  [0m] Started System Logging Service.
[[0;32m  OK  [0m] Started iSCSI initiator daemon (iscsid).
[   19.056090]          Starting Login to default iSCSI targets...
cloud-init[945]: |.o.o  ...        |
[   19.077019] cloud-init[945]: |+.o  .   +       |
[   19.078993] cloud-init[945]: |o+o . . +        |
[   19.081646] cloud-init[945]: |+=.o + *         |
[   19.084229] cloud-init[945]: | o* = = S        |
[[0;32m  OK  [0m] Started Login to default iSCSI targets.
[[0;32m  OK  [0m] Started LSB: Record successful boot for GRUB.
[[0;32m  OK  [0m] Reached target Remote File Systems (Pre).
[[0;32m  OK  [0m] Reached target Remote File Systems.
         Starting Permit User Sessions...
         Starting LSB: daemon to balance interrupts for SMP systems...
         Starting LSB: automatic crash report generation...
[   19.088897] cloud-init         Starting LSB: Set the CPU Frequency Scaling governor to "ondemand"...
[945]: | ..E +   .       |
[   19.148236] cloud-init[945]: |. +.*   .        |[[0;32m  OK  [0m] Started Permit User Sessions.
         Starting Terminate Plymouth Boot Screen...
         Starting Hold until boot process finishes up...

[   19.176640] cloud-init[945]: |.. =.* ..o o     |
[   19.183594] cloud-init[945]: |..oo*.o...o .    |
[   19.184973] [[0;32m  OK  [0m] Started Hold until boot process finishes up.
cloud-init[945]: +----[SHA256]-----+
[[0;32m  OK  [0m] Started Terminate Plymouth Boot Screen.
         Starting Set console scheme...
[[0;32m  OK  [0m] Started Serial Getty on ttyS0.
[[0;32m  OK  [0m] Started Getty on tty1.
[[0;32m  OK  [0m] Reached target Login Prompts.
         Starting Authenticate and Authorize Users to Run Privileged Tasks...
[[0;32m  OK  [0m] Started Set console scheme.
[[0;32m  OK  [0m] Started LSB: MD monitoring daemon.
[[0;32m  OK  [0m] Started LSB: Set the CPU Frequency Scaling governor to "ondemand".
[[0;32m  OK  [0m] Started LSB: daemon to balance interrupts for SMP systems.
[[0;32m  OK  [0m] Started LSB: automatic crash report generation.
[[0;32m  OK  [0m] Started Authenticate and Authorize Users to Run Privileged Tasks.
[[0;32m  OK  [0m] Started Accounts Service.
[[0;32m  OK  [0m] Started Virtualbox guest utils.
[[0;32m  OK  [0m] Started LXD - container startup/shutdown.
[[0;32m  OK  [0m] Started Snap Daemon.
         Starting Wait until snapd is fully seeded...
[[0;32m  OK  [0m] Started Pollinate to seed the pseudo random number generator.
         Starting OpenBSD Secure Shell server...
[[0;32m  OK  [0m] Started OpenBSD Secure Shell server.
[[0;32m  OK  [0m] Created slice User Slice of vagrant.
         Starting User Manager for UID 1000...
[[0;32m  OK  [0m] Started Session 1 of user vagrant.
[[0;32m  OK  [0m] Started User Manager for UID 1000.
[[0;32m  OK  [0m] Started Wait until snapd is fully seeded.
         Starting Apply the settings specified in cloud-config...
[[0;32m  OK  [0m] Reached target Multi-User System.
[[0;32m  OK  [0m] Reached target Graphical Interface.
         Starting Update UTMP about System Runlevel Changes...
[[0;32m  OK  [0m] Started Update UTMP about System Runlevel Changes.
[   25.227388] cloud-init[1397]: Generating locales (this might take a while)...

Ubuntu 16.04.7 LTS ubuntu-xenial ttyS0

ubuntu-xenial login: [   27.916230] cloud-init[1397]:   en_US.UTF-8... done
[   27.918977] cloud-init[1397]: Generation complete.
[   28.584754] cloud-init[1397]: Cloud-init v. 20.4.1-0ubuntu1~16.04.1 running 'modules:config' at Tue, 16 Feb 2021 04:51:36 +0000. Up 24.95 seconds.
ci-info: no authorized SSH keys fingerprints found for user ubuntu.
<14>Feb 16 04:51:41 ec2: 
<14>Feb 16 04:51:41 ec2: #############################################################
<14>Feb 16 04:51:41 ec2: -----BEGIN SSH HOST KEY FINGERPRINTS-----
<14>Feb 16 04:51:41 ec2: 1024 SHA256:6ODpYM4tcoknMkXq7md6nRhtDBtVn1HzfGL/AOzoNjc root@ubuntu-xenial (DSA)
<14>Feb 16 04:51:41 ec2: 256 SHA256:M2+5s2K/2HChGM37WeidtrGL0lZiMqJiH6UvChxfheo root@ubuntu-xenial (ECDSA)
<14>Feb 16 04:51:41 ec2: 256 SHA256:lBmgrsHX6p6Ro6Dff98Ii7AGgC0xZGfoT5j71PVgg6M root@ubuntu-xenial (ED25519)
<14>Feb 16 04:51:41 ec2: 2048 SHA256:UnrbDlQBG90/hqVwGiGN6nVigfsJYSdH3Nwxf3yJaRY root@ubuntu-xenial (RSA)
<14>Feb 16 04:51:41 ec2: -----END SSH HOST KEY FINGERPRINTS-----
<14>Feb 16 04:51:41 ec2: #############################################################
-----BEGIN SSH HOST KEY KEYS-----
ecdsa-sha2-nistp256 AAAAE2VjZHNhLXNoYTItbmlzdHAyNTYAAAAIbmlzdHAyNTYAAABBBBn6UIauwOOeIZGYB+fuNy1sotJ+ddADsv8WmATQYvfQ4IqOlAfHh1AyllhxXhKLnIHfHHFclk4gOjReZq8+nOs= root@ubuntu-xenial
ssh-ed25519 AAAAC3NzaC1lZDI1NTE5AAAAIMKQB9s8b6qq/ZST9DgCaA7MQgImb7KU93falP4UX4Do root@ubuntu-xenial
ssh-rsa AAAAB3NzaC1yc2EAAAADAQABAAABAQCq2VerpGhT5lNra9T6iBkVY1x3bTc3XfHrB28zmmmzkAcZ8OlN7UaXYWSlvr5gF3GCbYeZ8ah21jFTJT1JaTr5KzuFac+222TTuVNPI6llcN2KSPWeFzGoAqHQ1XM4RZ3+nuGDAlW+YAdpBWQBHrjpl2k/l3O++wxW/OGsxmWbL2l/N5rKgGu+kbwATDyBgMHP8Cd/t3S1GVHH7UkyZrsyL/vJCa6SaIbieWKm97Cg9cd7S0Cg2faF8PUpx6zBGl8tIlitj/oAqTfm3P7zZZo6BbCydmK9iJ0by531YxBOWzFg5MlwNpD2OAh89wJ0j9P/YuIKTNCJ+g2sXQqH7Ltl root@ubuntu-xenial
-----END SSH HOST KEY KEYS-----
[   30.204798] cloud-init[1613]: Cloud-init v. 20.4.1-0ubuntu1~16.04.1 running 'modules:final' at Tue, 16 Feb 2021 04:51:41 +0000. Up 29.88 seconds.
[   30.205397] cloud-init[1613]: ci-info: no authorized SSH keys fingerprints found for user ubuntu.
[   30.206779] cloud-init[1613]: Cloud-init v. 20.4.1-0ubuntu1~16.04.1 finished at Tue, 16 Feb 2021 04:51:41 +0000. Datasource DataSourceNoCloud [seed=/dev/sdb][dsmode=net].  Up 30.18 seconds
